2016-11-23 16:00:58,899 [Worker-0] INFO  c.g.t.t.d.PublishedGradleVersions - Gradle version information cache is up-to-date. Trying to read.
2016-11-23 16:02:09,693 [Worker-3] INFO  o.e.m.c.i.l.LifecycleMappingFactory - Using org.eclipse.m2e.jdt.JarLifecycleMapping lifecycle mapping for MavenProject: bg.pragmatic:automationframework:0.0.1-SNAPSHOT @ C:\Users\slavcho.nikolov\workspace\Maven-Lecture14-AutomationFramework\automationframework\pom.xml.
2016-11-23 16:02:53,563 [Worker-3] INFO  o.e.m.j.i.AbstractJavaProjectConfigurator - Adding source folder /automationframework/src/main/java
2016-11-23 16:02:53,568 [Worker-3] INFO  o.e.m.j.i.AbstractJavaProjectConfigurator - Adding source folder /automationframework/src/test/java
2016-11-23 16:02:54,230 [Worker-3] INFO  o.e.m.c.i.p.ProjectConfigurationManager - Imported and configured 1 project(s) in 66 sec
2016-11-23 16:02:59,098 [Worker-4] INFO  o.e.m.c.i.embedder.EclipseLogger - Using 'UTF-8' encoding to copy filtered resources.
2016-11-23 16:02:59,099 [Worker-4] INFO  o.e.m.c.i.embedder.EclipseLogger - skip non existing resourceDirectory C:\Users\slavcho.nikolov\workspace\Maven-Lecture14-AutomationFramework\automationframework\src\main\resources
2016-11-23 16:02:59,103 [Worker-4] INFO  o.e.m.c.i.embedder.EclipseLogger - Using 'UTF-8' encoding to copy filtered resources.
2016-11-23 16:02:59,104 [Worker-4] INFO  o.e.m.c.i.embedder.EclipseLogger - skip non existing resourceDirectory C:\Users\slavcho.nikolov\workspace\Maven-Lecture14-AutomationFramework\automationframework\src\test\resources
2016-11-23 16:03:57,173 [Worker-1] INFO  o.e.m.c.i.l.LifecycleMappingFactory - Using org.eclipse.m2e.jdt.JarLifecycleMapping lifecycle mapping for MavenProject: bg.pragmatic:lecture14nestedpageobjects:0.0.1-SNAPSHOT @ C:\Users\slavcho.nikolov\workspace\Maven-Lecture14-NestedPageObjects\lecture14nestedpageobjects\pom.xml.
2016-11-23 16:03:58,715 [Worker-1] INFO  o.e.m.j.i.AbstractJavaProjectConfigurator - Adding source folder /lecture14nestedpageobjects/src/main/java
2016-11-23 16:03:58,718 [Worker-1] INFO  o.e.m.j.i.AbstractJavaProjectConfigurator - Adding source folder /lecture14nestedpageobjects/src/test/java
2016-11-23 16:03:58,944 [Worker-1] INFO  o.e.m.c.i.p.ProjectConfigurationManager - Imported and configured 1 project(s) in 2 sec
2016-11-23 16:04:00,201 [Worker-9] INFO  o.e.m.c.i.embedder.EclipseLogger - Using 'UTF-8' encoding to copy filtered resources.
2016-11-23 16:04:00,201 [Worker-9] INFO  o.e.m.c.i.embedder.EclipseLogger - skip non existing resourceDirectory C:\Users\slavcho.nikolov\workspace\Maven-Lecture14-NestedPageObjects\lecture14nestedpageobjects\src\main\resources
2016-11-23 16:04:00,205 [Worker-9] INFO  o.e.m.c.i.embedder.EclipseLogger - Using 'UTF-8' encoding to copy filtered resources.
2016-11-23 16:04:00,216 [Worker-9] INFO  o.e.m.c.i.embedder.EclipseLogger - skip non existing resourceDirectory C:\Users\slavcho.nikolov\workspace\Maven-Lecture14-NestedPageObjects\lecture14nestedpageobjects\src\test\resources
2016-11-23 16:05:18,799 [Worker-8] INFO  o.e.m.c.i.embedder.EclipseLogger - Using 'UTF-8' encoding to copy filtered resources.
2016-11-23 16:05:18,800 [Worker-8] INFO  o.e.m.c.i.embedder.EclipseLogger - skip non existing resourceDirectory C:\Users\slavcho.nikolov\workspace\Maven-Lecture14-NestedPageObjects\lecture14nestedpageobjects\src\main\resources
2016-11-23 16:05:18,811 [Worker-8] INFO  o.e.m.c.i.embedder.EclipseLogger - Using 'UTF-8' encoding to copy filtered resources.
2016-11-23 16:05:18,837 [Worker-8] INFO  o.e.m.c.i.embedder.EclipseLogger - skip non existing resourceDirectory C:\Users\slavcho.nikolov\workspace\Maven-Lecture14-NestedPageObjects\lecture14nestedpageobjects\src\test\resources
2016-11-23 16:16:56,176 [Worker-8] INFO  o.e.m.c.i.embedder.EclipseLogger - Using 'UTF-8' encoding to copy filtered resources.
2016-11-23 16:16:56,192 [Worker-8] INFO  o.e.m.c.i.embedder.EclipseLogger - skip non existing resourceDirectory C:\Users\slavcho.nikolov\workspace\Maven-Lecture14-NestedPageObjects\lecture14nestedpageobjects\src\main\resources
2016-11-23 16:16:56,213 [Worker-8] INFO  o.e.m.c.i.embedder.EclipseLogger - Using 'UTF-8' encoding to copy filtered resources.
2016-11-23 16:16:56,243 [Worker-8] INFO  o.e.m.c.i.embedder.EclipseLogger - skip non existing resourceDirectory C:\Users\slavcho.nikolov\workspace\Maven-Lecture14-NestedPageObjects\lecture14nestedpageobjects\src\test\resources
2016-11-23 16:17:09,849 [Worker-1] INFO  o.e.m.c.i.embedder.EclipseLogger - Using 'UTF-8' encoding to copy filtered resources.
2016-11-23 16:17:09,850 [Worker-1] INFO  o.e.m.c.i.embedder.EclipseLogger - skip non existing resourceDirectory C:\Users\slavcho.nikolov\workspace\Maven-Lecture14-NestedPageObjects\lecture14nestedpageobjects\src\main\resources
2016-11-23 16:17:09,858 [Worker-1] INFO  o.e.m.c.i.embedder.EclipseLogger - Using 'UTF-8' encoding to copy filtered resources.
2016-11-23 16:17:09,883 [Worker-1] INFO  o.e.m.c.i.embedder.EclipseLogger - skip non existing resourceDirectory C:\Users\slavcho.nikolov\workspace\Maven-Lecture14-NestedPageObjects\lecture14nestedpageobjects\src\test\resources
2016-11-23 16:18:45,814 [Worker-1] INFO  o.e.m.c.i.embedder.EclipseLogger - Using 'UTF-8' encoding to copy filtered resources.
2016-11-23 16:18:45,838 [Worker-1] INFO  o.e.m.c.i.embedder.EclipseLogger - skip non existing resourceDirectory C:\Users\slavcho.nikolov\workspace\Maven-Lecture14-NestedPageObjects\lecture14nestedpageobjects\src\main\resources
2016-11-23 16:18:45,859 [Worker-1] INFO  o.e.m.c.i.embedder.EclipseLogger - Using 'UTF-8' encoding to copy filtered resources.
2016-11-23 16:18:45,882 [Worker-1] INFO  o.e.m.c.i.embedder.EclipseLogger - skip non existing resourceDirectory C:\Users\slavcho.nikolov\workspace\Maven-Lecture14-NestedPageObjects\lecture14nestedpageobjects\src\test\resources
2016-11-23 16:20:36,177 [Worker-15] INFO  o.e.m.c.i.embedder.EclipseLogger - Using 'UTF-8' encoding to copy filtered resources.
2016-11-23 16:20:36,178 [Worker-15] INFO  o.e.m.c.i.embedder.EclipseLogger - skip non existing resourceDirectory C:\Users\slavcho.nikolov\workspace\Maven-Lecture14-NestedPageObjects\lecture14nestedpageobjects\src\main\resources
2016-11-23 16:20:36,183 [Worker-15] INFO  o.e.m.c.i.embedder.EclipseLogger - Using 'UTF-8' encoding to copy filtered resources.
2016-11-23 16:20:36,214 [Worker-15] INFO  o.e.m.c.i.embedder.EclipseLogger - skip non existing resourceDirectory C:\Users\slavcho.nikolov\workspace\Maven-Lecture14-NestedPageObjects\lecture14nestedpageobjects\src\test\resources
2016-11-23 16:40:48,437 [Worker-23] INFO  o.e.m.c.i.embedder.EclipseLogger - Using 'UTF-8' encoding to copy filtered resources.
2016-11-23 16:40:48,458 [Worker-23] INFO  o.e.m.c.i.embedder.EclipseLogger - skip non existing resourceDirectory C:\Users\slavcho.nikolov\workspace\Maven-Lecture14-NestedPageObjects\lecture14nestedpageobjects\src\main\resources
2016-11-23 16:40:48,487 [Worker-23] INFO  o.e.m.c.i.embedder.EclipseLogger - Using 'UTF-8' encoding to copy filtered resources.
2016-11-23 16:40:48,513 [Worker-23] INFO  o.e.m.c.i.embedder.EclipseLogger - skip non existing resourceDirectory C:\Users\slavcho.nikolov\workspace\Maven-Lecture14-NestedPageObjects\lecture14nestedpageobjects\src\test\resources
2016-11-23 16:43:26,057 [Worker-19] INFO  o.e.m.c.i.embedder.EclipseLogger - Using 'UTF-8' encoding to copy filtered resources.
2016-11-23 16:43:26,058 [Worker-19] INFO  o.e.m.c.i.embedder.EclipseLogger - skip non existing resourceDirectory C:\Users\slavcho.nikolov\workspace\Maven-Lecture14-NestedPageObjects\lecture14nestedpageobjects\src\main\resources
2016-11-23 16:43:26,063 [Worker-19] INFO  o.e.m.c.i.embedder.EclipseLogger - Using 'UTF-8' encoding to copy filtered resources.
2016-11-23 16:43:26,078 [Worker-19] INFO  o.e.m.c.i.embedder.EclipseLogger - skip non existing resourceDirectory C:\Users\slavcho.nikolov\workspace\Maven-Lecture14-NestedPageObjects\lecture14nestedpageobjects\src\test\resources
2016-11-23 16:44:45,560 [Worker-10] INFO  o.e.m.c.i.embedder.EclipseLogger - Using 'UTF-8' encoding to copy filtered resources.
2016-11-23 16:44:45,577 [Worker-10] INFO  o.e.m.c.i.embedder.EclipseLogger - skip non existing resourceDirectory C:\Users\slavcho.nikolov\workspace\Maven-Lecture14-NestedPageObjects\lecture14nestedpageobjects\src\main\resources
2016-11-23 16:44:45,596 [Worker-10] INFO  o.e.m.c.i.embedder.EclipseLogger - Using 'UTF-8' encoding to copy filtered resources.
2016-11-23 16:44:45,616 [Worker-10] INFO  o.e.m.c.i.embedder.EclipseLogger - skip non existing resourceDirectory C:\Users\slavcho.nikolov\workspace\Maven-Lecture14-NestedPageObjects\lecture14nestedpageobjects\src\test\resources
2016-11-23 16:45:40,452 [Worker-18] INFO  o.e.m.c.i.embedder.EclipseLogger - Using 'UTF-8' encoding to copy filtered resources.
2016-11-23 16:45:40,453 [Worker-18] INFO  o.e.m.c.i.embedder.EclipseLogger - skip non existing resourceDirectory C:\Users\slavcho.nikolov\workspace\Maven-Lecture14-NestedPageObjects\lecture14nestedpageobjects\src\main\resources
2016-11-23 16:45:40,474 [Worker-18] INFO  o.e.m.c.i.embedder.EclipseLogger - Using 'UTF-8' encoding to copy filtered resources.
2016-11-23 16:45:40,536 [Worker-18] INFO  o.e.m.c.i.embedder.EclipseLogger - skip non existing resourceDirectory C:\Users\slavcho.nikolov\workspace\Maven-Lecture14-NestedPageObjects\lecture14nestedpageobjects\src\test\resources
2016-11-23 16:56:44,082 [Worker-26] INFO  o.e.m.c.i.embedder.EclipseLogger - Using 'UTF-8' encoding to copy filtered resources.
2016-11-23 16:56:44,099 [Worker-26] INFO  o.e.m.c.i.embedder.EclipseLogger - skip non existing resourceDirectory C:\Users\slavcho.nikolov\workspace\Maven-Lecture14-NestedPageObjects\lecture14nestedpageobjects\src\main\resources
2016-11-23 16:56:44,120 [Worker-26] INFO  o.e.m.c.i.embedder.EclipseLogger - Using 'UTF-8' encoding to copy filtered resources.
2016-11-23 16:56:44,141 [Worker-26] INFO  o.e.m.c.i.embedder.EclipseLogger - skip non existing resourceDirectory C:\Users\slavcho.nikolov\workspace\Maven-Lecture14-NestedPageObjects\lecture14nestedpageobjects\src\test\resources
